Arguments: 
  /usr/local/bin/node /usr/local/bin/yarn install

PATH: 
  /usr/local/bin:/usr/bin:/bin:/usr/sbin:/sbin

Yarn version: 
  1.22.4

Node version: 
  12.18.1

Platform: 
  darwin x64

Trace: 
  Error: https://artifactory.banno-tools.com/artifactory/api/npm/npm/prism-media/-/prism-media-1.2.2.tgz: Request failed "401 Unauthorized"
      at ResponseError.ExtendableBuiltin (/usr/local/lib/node_modules/yarn/lib/cli.js:696:66)
      at new ResponseError (/usr/local/lib/node_modules/yarn/lib/cli.js:802:124)
      at Request.<anonymous> (/usr/local/lib/node_modules/yarn/lib/cli.js:67057:16)
      at Request.emit (events.js:315:20)
      at Request.module.exports.Request.onRequestResponse (/usr/local/lib/node_modules/yarn/lib/cli.js:141625:10)
      at ClientRequest.emit (events.js:315:20)
      at HTTPParser.parserOnIncomingClient [as onIncoming] (_http_client.js:596:27)
      at HTTPParser.parserOnHeadersComplete (_http_common.js:119:17)
      at TLSSocket.socketOnData (_http_client.js:469:22)
      at TLSSocket.emit (events.js:315:20)

npm manifest: 
  {
    "main": "index.js",
    "name": "skratch-bot",
    "version": "0.0.0",
    "description": "a discord bot to manage scratch session rooms",
    "author": "jrobinsonmedia@gmail.com",
    "license": "MIT",
    "scripts": {
      "test": "mocha"
    },
    "dependencies": {
      "discord.js": "^12.2.0",
      "fn-machine": "^0.0.13"
    },
    "devDependencies": {
      "chai": "^4.2.0",
      "mocha": "^8.0.1",
      "sinon": "^9.0.2"
    }
  }

yarn manifest: 
  No manifest

Lockfile: 
  # THIS IS AN AUTOGENERATED FILE. DO NOT EDIT THIS FILE DIRECTLY.
  # yarn lockfile v1
  
  
  "@discordjs/collection@^0.1.5":
    version "0.1.5"
    resolved "https://artifactory.banno-tools.com/artifactory/api/npm/npm/@discordjs/collection/-/collection-0.1.5.tgz#1781c620b4c88d619bd0373a1548e5a6025e3d3a"
    integrity sha1-F4HGILTIjWGb0Dc6FUjlpgJePTo=
  
  "@discordjs/form-data@^3.0.1":
    version "3.0.1"
    resolved "https://artifactory.banno-tools.com/artifactory/api/npm/npm/@discordjs/form-data/-/form-data-3.0.1.tgz#5c9e6be992e2e57d0dfa0e39979a850225fb4697"
    integrity sha1-XJ5r6ZLi5X0N+g45l5qFAiX7Rpc=
    dependencies:
      asynckit "^0.4.0"
      combined-stream "^1.0.8"
      mime-types "^2.1.12"
  
  "@sinonjs/commons@^1", "@sinonjs/commons@^1.6.0", "@sinonjs/commons@^1.7.0", "@sinonjs/commons@^1.7.2":
    version "1.8.0"
    resolved "https://artifactory.banno-tools.com/artifactory/api/npm/npm/@sinonjs/commons/-/commons-1.8.0.tgz#c8d68821a854c555bba172f3b06959a0039b236d"
    integrity sha1-yNaIIahUxVW7oXLzsGlZoAObI20=
    dependencies:
      type-detect "4.0.8"
  
  "@sinonjs/fake-timers@^6.0.0", "@sinonjs/fake-timers@^6.0.1":
    version "6.0.1"
    resolved "https://artifactory.banno-tools.com/artifactory/api/npm/npm/@sinonjs/fake-timers/-/fake-timers-6.0.1.tgz#293674fccb3262ac782c7aadfdeca86b10c75c40"
    integrity sha1-KTZ0/MsyYqx4LHqt/eyoaxDHXEA=
    dependencies:
      "@sinonjs/commons" "^1.7.0"
  
  "@sinonjs/formatio@^5.0.1":
    version "5.0.1"
    resolved "https://artifactory.banno-tools.com/artifactory/api/npm/npm/@sinonjs/formatio/-/formatio-5.0.1.tgz#f13e713cb3313b1ab965901b01b0828ea6b77089"
    integrity sha1-8T5xPLMxOxq5ZZAbAbCCjqa3cIk=
    dependencies:
      "@sinonjs/commons" "^1"
      "@sinonjs/samsam" "^5.0.2"
  
  "@sinonjs/samsam@^5.0.2", "@sinonjs/samsam@^5.0.3":
    version "5.0.3"
    resolved "https://artifactory.banno-tools.com/artifactory/api/npm/npm/@sinonjs/samsam/-/samsam-5.0.3.tgz#86f21bdb3d52480faf0892a480c9906aa5a52938"
    integrity sha1-hvIb2z1SSA+vCJKkgMmQaqWlKTg=
    dependencies:
      "@sinonjs/commons" "^1.6.0"
      lodash.get "^4.4.2"
      type-detect "^4.0.8"
  
  "@sinonjs/text-encoding@^0.7.1":
    version "0.7.1"
    resolved "https://artifactory.banno-tools.com/artifactory/api/npm/npm/@sinonjs/text-encoding/-/text-encoding-0.7.1.tgz#8da5c6530915653f3a1f38fd5f101d8c3f8079c5"
    integrity sha1-jaXGUwkVZT86Hzj9XxAdjD+AecU=
  
  abort-controller@^3.0.0:
    version "3.0.0"
    resolved "https://artifactory.banno-tools.com/artifactory/api/npm/npm/abort-controller/-/abort-controller-3.0.0.tgz#eaf54d53b62bae4138e809ca225c8439a6efb392"
    integrity sha1-6vVNU7YrrkE46AnKIlyEOabvs5I=
    dependencies:
      event-target-shim "^5.0.0"
  
  ansi-colors@4.1.1:
    version "4.1.1"
    resolved "https://artifactory.banno-tools.com/artifactory/api/npm/npm/ansi-colors/-/ansi-colors-4.1.1.tgz#cbb9ae256bf750af1eab344f229aa27fe94ba348"
    integrity sha1-y7muJWv3UK8eqzRPIpqif+lLo0g=
  
  ansi-regex@^3.0.0:
    version "3.0.0"
    resolved "https://artifactory.banno-tools.com/artifactory/api/npm/npm/ansi-regex/-/ansi-regex-3.0.0.tgz#ed0317c322064f79466c02966bddb605ab37d998"
    integrity sha1-7QMXwyIGT3lGbAKWa922Bas32Zg=
  
  ansi-regex@^4.1.0:
    version "4.1.0"
    resolved "https://artifactory.banno-tools.com/artifactory/api/npm/npm/ansi-regex/-/ansi-regex-4.1.0.tgz#8b9f8f08cf1acb843756a839ca8c7e3168c51997"
    integrity sha1-i5+PCM8ay4Q3Vqg5yox+MWjFGZc=
  
  ansi-styles@^3.2.0, ansi-styles@^3.2.1:
    version "3.2.1"
    resolved "https://artifactory.banno-tools.com/artifactory/api/npm/npm/ansi-styles/-/ansi-styles-3.2.1.tgz#41fbb20243e50b12be0f04b8dedbf07520ce841d"
    integrity sha1-QfuyAkPlCxK+DwS43tvwdSDOhB0=
    dependencies:
      color-convert "^1.9.0"
  
  anymatch@~3.1.1:
    version "3.1.1"
    resolved "https://artifactory.banno-tools.com/artifactory/api/npm/npm/anymatch/-/anymatch-3.1.1.tgz#c55ecf02185e2469259399310c173ce31233b142"
    integrity sha1-xV7PAhheJGklk5kxDBc84xIzsUI=
    dependencies:
      normalize-path "^3.0.0"
      picomatch "^2.0.4"
  
  argparse@^1.0.7:
    version "1.0.10"
    resolved "https://artifactory.banno-tools.com/artifactory/api/npm/npm/argparse/-/argparse-1.0.10.tgz#bcd6791ea5ae09725e17e5ad988134cd40b3d911"
    integrity sha1-vNZ5HqWuCXJeF+WtmIE0zUCz2RE=
    dependencies:
      sprintf-js "~1.0.2"
  
  array.prototype.map@^1.0.1:
    version "1.0.2"
    resolved "https://artifactory.banno-tools.com/artifactory/api/npm/npm/array.prototype.map/-/array.prototype.map-1.0.2.tgz#9a4159f416458a23e9483078de1106b2ef68f8ec"
    integrity sha1-mkFZ9BZFiiPpSDB43hEGsu9o+Ow=
    dependencies:
      define-properties "^1.1.3"
      es-abstract "^1.17.0-next.1"
      es-array-method-boxes-properly "^1.0.0"
      is-string "^1.0.4"
  
  assertion-error@^1.1.0:
    version "1.1.0"
    resolved "https://artifactory.banno-tools.com/artifactory/api/npm/npm/assertion-error/-/assertion-error-1.1.0.tgz#e60b6b0e8f301bd97e5375215bda406c85118c0b"
    integrity sha1-5gtrDo8wG9l+U3UhW9pAbIURjAs=
  
  asynckit@^0.4.0:
    version "0.4.0"
    resolved "https://artifactory.banno-tools.com/artifactory/api/npm/npm/asynckit/-/asynckit-0.4.0.tgz#c79ed97f7f34cb8f2ba1bc9790bcc366474b4b79"
    integrity sha1-x57Zf380y48robyXkLzDZkdLS3k=
  
  balanced-match@^1.0.0:
    version "1.0.0"
    resolved "https://artifactory.banno-tools.com/artifactory/api/npm/npm/balanced-match/-/balanced-match-1.0.0.tgz#89b4d199ab2bee49de164ea02b89ce462d71b767"
    integrity sha1-ibTRmasr7kneFk6gK4nORi1xt2c=
  
  binary-extensions@^2.0.0:
    version "2.0.0"
    resolved "https://artifactory.banno-tools.com/artifactory/api/npm/npm/binary-extensions/-/binary-extensions-2.0.0.tgz#23c0df14f6a88077f5f986c0d167ec03c3d5537c"
    integrity sha1-I8DfFPaogHf1+YbA0WfsA8PVU3w=
  
  brace-expansion@^1.1.7:
    version "1.1.11"
    resolved "https://artifactory.banno-tools.com/artifactory/api/npm/npm/brace-expansion/-/brace-expansion-1.1.11.tgz#3c7fcbf529d87226f3d2f52b966ff5271eb441dd"
    integrity sha1-PH/L9SnYcibz0vUrlm/1Jx60Qd0=
    dependencies:
      balanced-match "^1.0.0"
      concat-map "0.0.1"
  
  braces@~3.0.2:
    version "3.0.2"
    resolved "https://artifactory.banno-tools.com/artifactory/api/npm/npm/braces/-/braces-3.0.2.tgz#3454e1a462ee8d599e236df336cd9ea4f8afe107"
    integrity sha1-NFThpGLujVmeI23zNs2epPiv4Qc=
    dependencies:
      fill-range "^7.0.1"
  
  browser-stdout@1.3.1:
    version "1.3.1"
    resolved "https://artifactory.banno-tools.com/artifactory/api/npm/npm/browser-stdout/-/browser-stdout-1.3.1.tgz#baa559ee14ced73452229bad7326467c61fabd60"
    integrity sha1-uqVZ7hTO1zRSIputcyZGfGH6vWA=
  
  camelcase@^5.0.0:
    version "5.3.1"
    resolved "https://artifactory.banno-tools.com/artifactory/api/npm/npm/camelcase/-/camelcase-5.3.1.tgz#e3c9b31569e106811df242f715725a1f4c494320"
    integrity sha1-48mzFWnhBoEd8kL3FXJaH0xJQyA=
  
  chai@^4.2.0:
    version "4.2.0"
    resolved "https://artifactory.banno-tools.com/artifactory/api/npm/npm/chai/-/chai-4.2.0.tgz#760aa72cf20e3795e84b12877ce0e83737aa29e5"
    integrity sha1-dgqnLPION5XoSxKHfODoNzeqKeU=
    dependencies:
      assertion-error "^1.1.0"
      check-error "^1.0.2"
      deep-eql "^3.0.1"
      get-func-name "^2.0.0"
      pathval "^1.1.0"
      type-detect "^4.0.5"
  
  chalk@^2.4.2:
    version "2.4.2"
    resolved "https://artifactory.banno-tools.com/artifactory/api/npm/npm/chalk/-/chalk-2.4.2.tgz#cd42541677a54333cf541a49108c1432b44c9424"
    integrity sha1-zUJUFnelQzPPVBpJEIwUMrRMlCQ=
    dependencies:
      ansi-styles "^3.2.1"
      escape-string-regexp "^1.0.5"
      supports-color "^5.3.0"
  
  check-error@^1.0.2:
    version "1.0.2"
    resolved "https://artifactory.banno-tools.com/artifactory/api/npm/npm/check-error/-/check-error-1.0.2.tgz#574d312edd88bb5dd8912e9286dd6c0aed4aac82"
    integrity sha1-V00xLt2Iu13YkS6Sht1sCu1KrII=
  
  chokidar@3.3.1:
    version "3.3.1"
    resolved "https://artifactory.banno-tools.com/artifactory/api/npm/npm/chokidar/-/chokidar-3.3.1.tgz#c84e5b3d18d9a4d77558fef466b1bf16bbeb3450"
    integrity sha1-yE5bPRjZpNd1WP70ZrG/FrvrNFA=
    dependencies:
      anymatch "~3.1.1"
      braces "~3.0.2"
      glob-parent "~5.1.0"
      is-binary-path "~2.1.0"
      is-glob "~4.0.1"
      normalize-path "~3.0.0"
      readdirp "~3.3.0"
    optionalDependencies:
      fsevents "~2.1.2"
  
  cliui@^5.0.0:
    version "5.0.0"
    resolved "https://artifactory.banno-tools.com/artifactory/api/npm/npm/cliui/-/cliui-5.0.0.tgz#deefcfdb2e800784aa34f46fa08e06851c7bbbc5"
    integrity sha1-3u/P2y6AB4SqNPRvoI4GhRx7u8U=
    dependencies:
      string-width "^3.1.0"
      strip-ansi "^5.2.0"
      wrap-ansi "^5.1.0"
  
  color-convert@^1.9.0:
    version "1.9.3"
    resolved "https://artifactory.banno-tools.com/artifactory/api/npm/npm/color-convert/-/color-convert-1.9.3.tgz#bb71850690e1f136567de629d2d5471deda4c1e8"
    integrity sha1-u3GFBpDh8TZWfeYp0tVHHe2kweg=
    dependencies:
      color-name "1.1.3"
  
  color-name@1.1.3:
    version "1.1.3"
    resolved "https://artifactory.banno-tools.com/artifactory/api/npm/npm/color-name/-/color-name-1.1.3.tgz#a7d0558bd89c42f795dd42328f740831ca53bc25"
    integrity sha1-p9BVi9icQveV3UIyj3QIMcpTvCU=
  
  combined-stream@^1.0.8:
    version "1.0.8"
    resolved "https://artifactory.banno-tools.com/artifactory/api/npm/npm/combined-stream/-/combined-stream-1.0.8.tgz#c3d45a8b34fd730631a110a8a2520682b31d5a7f"
    integrity sha1-w9RaizT9cwYxoRCoolIGgrMdWn8=
    dependencies:
      delayed-stream "~1.0.0"
  
  concat-map@0.0.1:
    version "0.0.1"
    resolved "https://artifactory.banno-tools.com/artifactory/api/npm/npm/concat-map/-/concat-map-0.0.1.tgz#d8a96bd77fd68df7793a73036a3ba0d5405d477b"
    integrity sha1-2Klr13/Wjfd5OnMDajug1UBdR3s=
  
  debug@3.2.6:
    version "3.2.6"
    resolved "https://artifactory.banno-tools.com/artifactory/api/npm/npm/debug/-/debug-3.2.6.tgz#e83d17de16d8a7efb7717edbe5fb10135eee629b"
    integrity sha1-6D0X3hbYp++3cX7b5fsQE17uYps=
    dependencies:
      ms "^2.1.1"
  
  decamelize@^1.2.0:
    version "1.2.0"
    resolved "https://artifactory.banno-tools.com/artifactory/api/npm/npm/decamelize/-/decamelize-1.2.0.tgz#f6534d15148269b20352e7bee26f501f9a191290"
    integrity sha1-9lNNFRSCabIDUue+4m9QH5oZEpA=
  
  deep-eql@^3.0.1:
    version "3.0.1"
    resolved "https://artifactory.banno-tools.com/artifactory/api/npm/npm/deep-eql/-/deep-eql-3.0.1.tgz#dfc9404400ad1c8fe023e7da1df1c147c4b444df"
    integrity sha1-38lARACtHI/gI+faHfHBR8S0RN8=
    dependencies:
      type-detect "^4.0.0"
  
  define-properties@^1.1.2, define-properties@^1.1.3:
    version "1.1.3"
    resolved "https://artifactory.banno-tools.com/artifactory/api/npm/npm/define-properties/-/define-properties-1.1.3.tgz#cf88da6cbee26fe6db7094f61d870cbd84cee9f1"
    integrity sha1-z4jabL7ib+bbcJT2HYcMvYTO6fE=
    dependencies:
      object-keys "^1.0.12"
  
  delayed-stream@~1.0.0:
    version "1.0.0"
    resolved "https://artifactory.banno-tools.com/artifactory/api/npm/npm/delayed-stream/-/delayed-stream-1.0.0.tgz#df3ae199acadfb7d440aaae0b29e2272b24ec619"
    integrity sha1-3zrhmayt+31ECqrgsp4icrJOxhk=
  
  diff@4.0.2, diff@^4.0.2:
    version "4.0.2"
    resolved "https://artifactory.banno-tools.com/artifactory/api/npm/npm/diff/-/diff-4.0.2.tgz#60f3aecb89d5fae520c11aa19efc2bb982aade7d"
    integrity sha1-YPOuy4nV+uUgwRqhnvwruYKq3n0=
  
  discord.js@^12.2.0:
    version "12.2.0"
    resolved "https://artifactory.banno-tools.com/artifactory/api/npm/npm/discord.js/-/discord.js-12.2.0.tgz#31018732e42a495c92655055192221eab2ad11a9"
    integrity sha1-MQGHMuQqSVySZVBVGSIh6rKtEak=
    dependencies:
      "@discordjs/collection" "^0.1.5"
      "@discordjs/form-data" "^3.0.1"
      abort-controller "^3.0.0"
      node-fetch "^2.6.0"
      prism-media "^1.2.0"
      setimmediate "^1.0.5"
      tweetnacl "^1.0.3"
      ws "^7.2.1"
  
  emoji-regex@^7.0.1:
    version "7.0.3"
    resolved "https://artifactory.banno-tools.com/artifactory/api/npm/npm/emoji-regex/-/emoji-regex-7.0.3.tgz#933a04052860c85e83c122479c4748a8e4c72156"
    integrity sha1-kzoEBShgyF6DwSJHnEdIqOTHIVY=
  
  es-abstract@^1.17.0-next.1, es-abstract@^1.17.4, es-abstract@^1.17.5:
    version "1.17.6"
    resolved "https://artifactory.banno-tools.com/artifactory/api/npm/npm/es-abstract/-/es-abstract-1.17.6.tgz#9142071707857b2cacc7b89ecb670316c3e2d52a"
    integrity sha1-kUIHFweFeyysx7iey2cDFsPi1So=
    dependencies:
      es-to-primitive "^1.2.1"
      function-bind "^1.1.1"
      has "^1.0.3"
      has-symbols "^1.0.1"
      is-callable "^1.2.0"
      is-regex "^1.1.0"
      object-inspect "^1.7.0"
      object-keys "^1.1.1"
      object.assign "^4.1.0"
      string.prototype.trimend "^1.0.1"
      string.prototype.trimstart "^1.0.1"
  
  es-array-method-boxes-properly@^1.0.0:
    version "1.0.0"
    resolved "https://artifactory.banno-tools.com/artifactory/api/npm/npm/es-array-method-boxes-properly/-/es-array-method-boxes-properly-1.0.0.tgz#873f3e84418de4ee19c5be752990b2e44718d09e"
    integrity sha1-hz8+hEGN5O4Zxb51KZCy5EcY0J4=
  
  es-get-iterator@^1.0.2:
    version "1.1.0"
    resolved "https://artifactory.banno-tools.com/artifactory/api/npm/npm/es-get-iterator/-/es-get-iterator-1.1.0.tgz#bb98ad9d6d63b31aacdc8f89d5d0ee57bcb5b4c8"
    integrity sha1-u5itnW1jsxqs3I+J1dDuV7y1tMg=
    dependencies:
      es-abstract "^1.17.4"
      has-symbols "^1.0.1"
      is-arguments "^1.0.4"
      is-map "^2.0.1"
      is-set "^2.0.1"
      is-string "^1.0.5"
      isarray "^2.0.5"
  
  es-to-primitive@^1.2.1:
    version "1.2.1"
    resolved "https://artifactory.banno-tools.com/artifactory/api/npm/npm/es-to-primitive/-/es-to-primitive-1.2.1.tgz#e55cd4c9cdc188bcefb03b366c736323fc5c898a"
    integrity sha1-5VzUyc3BiLzvsDs2bHNjI/xciYo=
    dependencies:
      is-callable "^1.1.4"
      is-date-object "^1.0.1"
      is-symbol "^1.0.2"
  
  escape-string-regexp@1.0.5, escape-string-regexp@^1.0.5:
    version "1.0.5"
    resolved "https://artifactory.banno-tools.com/artifactory/api/npm/npm/escape-string-regexp/-/escape-string-regexp-1.0.5.tgz#1b61c0562190a8dff6ae3bb2cf0200ca130b86d4"
    integrity sha1-G2HAViGQqN/2rjuyzwIAyhMLhtQ=
  
  esprima@^4.0.0:
    version "4.0.1"
    resolved "https://artifactory.banno-tools.com/artifactory/api/npm/npm/esprima/-/esprima-4.0.1.tgz#13b04cdb3e6c5d19df91ab6987a8695619b0aa71"
    integrity sha1-E7BM2z5sXRnfkatph6hpVhmwqnE=
  
  event-target-shim@^5.0.0:
    version "5.0.1"
    resolved "https://artifactory.banno-tools.com/artifactory/api/npm/npm/event-target-shim/-/event-target-shim-5.0.1.tgz#5d4d3ebdf9583d63a5333ce2deb7480ab2b05789"
    integrity sha1-XU0+vflYPWOlMzzi3rdICrKwV4k=
  
  fill-range@^7.0.1:
    version "7.0.1"
    resolved "https://artifactory.banno-tools.com/artifactory/api/npm/npm/fill-range/-/fill-range-7.0.1.tgz#1919a6a7c75fe38b2c7c77e5198535da9acdda40"
    integrity sha1-GRmmp8df44ssfHflGYU12prN2kA=
    dependencies:
      to-regex-range "^5.0.1"
  
  find-up@4.1.0:
    version "4.1.0"
    resolved "https://artifactory.banno-tools.com/artifactory/api/npm/npm/find-up/-/find-up-4.1.0.tgz#97afe7d6cdc0bc5928584b7c8d7b16e8a9aa5d19"
    integrity sha1-l6/n1s3AvFkoWEt8jXsW6KmqXRk=
    dependencies:
      locate-path "^5.0.0"
      path-exists "^4.0.0"
  
  find-up@^3.0.0:
    version "3.0.0"
    resolved "https://artifactory.banno-tools.com/artifactory/api/npm/npm/find-up/-/find-up-3.0.0.tgz#49169f1d7993430646da61ecc5ae355c21c97b73"
    integrity sha1-SRafHXmTQwZG2mHsxa41XCHJe3M=
    dependencies:
      locate-path "^3.0.0"
  
  flat@^4.1.0:
    version "4.1.0"
    resolved "https://artifactory.banno-tools.com/artifactory/api/npm/npm/flat/-/flat-4.1.0.tgz#090bec8b05e39cba309747f1d588f04dbaf98db2"
    integrity sha1-CQvsiwXjnLowl0fx1YjwTbr5jbI=
    dependencies:
      is-buffer "~2.0.3"
  
  fn-machine@^0.0.13:
    version "0.0.13"
    resolved "https://artifactory.banno-tools.com/artifactory/api/npm/npm/fn-machine/-/fn-machine-0.0.13.tgz#2c825be88dd0cf92187b6bcc1014549987f03a43"
    integrity sha1-LIJb6I3Qz5IYe2vMEBRUmYfwOkM=
  
  fs.realpath@^1.0.0:
    version "1.0.0"
    resolved "https://artifactory.banno-tools.com/artifactory/api/npm/npm/fs.realpath/-/fs.realpath-1.0.0.tgz#1504ad2523158caa40db4a2787cb01411994ea4f"
    integrity sha1-FQStJSMVjKpA20onh8sBQRmU6k8=
  
  fsevents@~2.1.2:
    version "2.1.3"
    resolved "https://artifactory.banno-tools.com/artifactory/api/npm/npm/fsevents/-/fsevents-2.1.3.tgz#fb738703ae8d2f9fe900c33836ddebee8b97f23e"
    integrity sha1-+3OHA66NL5/pAMM4Nt3r7ouX8j4=
  
  function-bind@^1.1.1:
    version "1.1.1"
    resolved "https://artifactory.banno-tools.com/artifactory/api/npm/npm/function-bind/-/function-bind-1.1.1.tgz#a56899d3ea3c9bab874bb9773b7c5ede92f4895d"
    integrity sha1-pWiZ0+o8m6uHS7l3O3xe3pL0iV0=
  
  get-caller-file@^2.0.1:
    version "2.0.5"
    resolved "https://artifactory.banno-tools.com/artifactory/api/npm/npm/get-caller-file/-/get-caller-file-2.0.5.tgz#4f94412a82db32f36e3b0b9741f8a97feb031f7e"
    integrity sha1-T5RBKoLbMvNuOwuXQfipf+sDH34=
  
  get-func-name@^2.0.0:
    version "2.0.0"
    resolved "https://artifactory.banno-tools.com/artifactory/api/npm/npm/get-func-name/-/get-func-name-2.0.0.tgz#ead774abee72e20409433a066366023dd6887a41"
    integrity sha1-6td0q+5y4gQJQzoGY2YCPdaIekE=
  
  glob-parent@~5.1.0:
    version "5.1.1"
    resolved "https://artifactory.banno-tools.com/artifactory/api/npm/npm/glob-parent/-/glob-parent-5.1.1.tgz#b6c1ef417c4e5663ea498f1c45afac6916bbc229"
    integrity sha1-tsHvQXxOVmPqSY8cRa+saRa7wik=
    dependencies:
      is-glob "^4.0.1"
  
  glob@7.1.6:
    version "7.1.6"
    resolved "https://artifactory.banno-tools.com/artifactory/api/npm/npm/glob/-/glob-7.1.6.tgz#141f33b81a7c2492e125594307480c46679278a6"
    integrity sha1-FB8zuBp8JJLhJVlDB0gMRmeSeKY=
    dependencies:
      fs.realpath "^1.0.0"
      inflight "^1.0.4"
      inherits "2"
      minimatch "^3.0.4"
      once "^1.3.0"
      path-is-absolute "^1.0.0"
  
  growl@1.10.5:
    version "1.10.5"
    resolved "https://artifactory.banno-tools.com/artifactory/api/npm/npm/growl/-/growl-1.10.5.tgz#f2735dc2283674fa67478b10181059355c369e5e"
    integrity sha1-8nNdwig2dPpnR4sQGBBZNVw2nl4=
  
  has-flag@^3.0.0:
    version "3.0.0"
    resolved "https://artifactory.banno-tools.com/artifactory/api/npm/npm/has-flag/-/has-flag-3.0.0.tgz#b5d454dc2199ae225699f3467e5a07f3b955bafd"
    integrity sha1-tdRU3CGZriJWmfNGfloH87lVuv0=
  
  has-flag@^4.0.0:
    version "4.0.0"
    resolved "https://artifactory.banno-tools.com/artifactory/api/npm/npm/has-flag/-/has-flag-4.0.0.tgz#944771fd9c81c81265c4d6941860da06bb59479b"
    integrity sha1-lEdx/ZyByBJlxNaUGGDaBrtZR5s=
  
  has-symbols@^1.0.0, has-symbols@^1.0.1:
    version "1.0.1"
    resolved "https://artifactory.banno-tools.com/artifactory/api/npm/npm/has-symbols/-/has-symbols-1.0.1.tgz#9f5214758a44196c406d9bd76cebf81ec2dd31e8"
    integrity sha1-n1IUdYpEGWxAbZvXbOv4HsLdMeg=
  
  has@^1.0.3:
    version "1.0.3"
    resolved "https://artifactory.banno-tools.com/artifactory/api/npm/npm/has/-/has-1.0.3.tgz#722d7cbfc1f6aa8241f16dd814e011e1f41e8796"
    integrity sha1-ci18v8H2qoJB8W3YFOAR4fQeh5Y=
    dependencies:
      function-bind "^1.1.1"
  
  he@1.2.0:
    version "1.2.0"
    resolved "https://artifactory.banno-tools.com/artifactory/api/npm/npm/he/-/he-1.2.0.tgz#84ae65fa7eafb165fddb61566ae14baf05664f0f"
    integrity sha1-hK5l+n6vsWX922FWauFLrwVmTw8=
  
  inflight@^1.0.4:
    version "1.0.6"
    resolved "https://artifactory.banno-tools.com/artifactory/api/npm/npm/inflight/-/inflight-1.0.6.tgz#49bd6331d7d02d0c09bc910a1075ba8165b56df9"
    integrity sha1-Sb1jMdfQLQwJvJEKEHW6gWW1bfk=
    dependencies:
      once "^1.3.0"
      wrappy "1"
  
  inherits@2:
    version "2.0.4"
    resolved "https://artifactory.banno-tools.com/artifactory/api/npm/npm/inherits/-/inherits-2.0.4.tgz#0fa2c64f932917c3433a0ded55363aae37416b7c"
    integrity sha1-D6LGT5MpF8NDOg3tVTY6rjdBa3w=
  
  is-arguments@^1.0.4:
    version "1.0.4"
    resolved "https://artifactory.banno-tools.com/artifactory/api/npm/npm/is-arguments/-/is-arguments-1.0.4.tgz#3faf966c7cba0ff437fb31f6250082fcf0448cf3"
    integrity sha1-P6+WbHy6D/Q3+zH2JQCC/PBEjPM=
  
  is-binary-path@~2.1.0:
    version "2.1.0"
    resolved "https://artifactory.banno-tools.com/artifactory/api/npm/npm/is-binary-path/-/is-binary-path-2.1.0.tgz#ea1f7f3b80f064236e83470f86c09c254fb45b09"
    integrity sha1-6h9/O4DwZCNug0cPhsCcJU+0Wwk=
    dependencies:
      binary-extensions "^2.0.0"
  
  is-buffer@~2.0.3:
    version "2.0.4"
    resolved "https://artifactory.banno-tools.com/artifactory/api/npm/npm/is-buffer/-/is-buffer-2.0.4.tgz#3e572f23c8411a5cfd9557c849e3665e0b290623"
    integrity sha1-PlcvI8hBGlz9lVfISeNmXgspBiM=
  
  is-callable@^1.1.4, is-callable@^1.2.0:
    version "1.2.0"
    resolved "https://artifactory.banno-tools.com/artifactory/api/npm/npm/is-callable/-/is-callable-1.2.0.tgz#83336560b54a38e35e3a2df7afd0454d691468bb"
    integrity sha1-gzNlYLVKOONeOi33r9BFTWkUaLs=
  
  is-date-object@^1.0.1:
    version "1.0.2"
    resolved "https://artifactory.banno-tools.com/artifactory/api/npm/npm/is-date-object/-/is-date-object-1.0.2.tgz#bda736f2cd8fd06d32844e7743bfa7494c3bfd7e"
    integrity sha1-vac28s2P0G0yhE53Q7+nSUw7/X4=
  
  is-extglob@^2.1.1:
    version "2.1.1"
    resolved "https://artifactory.banno-tools.com/artifactory/api/npm/npm/is-extglob/-/is-extglob-2.1.1.tgz#a88c02535791f02ed37c76a1b9ea9773c833f8c2"
    integrity sha1-qIwCU1eR8C7TfHahueqXc8gz+MI=
  
  is-fullwidth-code-point@^2.0.0:
    version "2.0.0"
    resolved "https://artifactory.banno-tools.com/artifactory/api/npm/npm/is-fullwidth-code-point/-/is-fullwidth-code-point-2.0.0.tgz#a3b30a5c4f199183167aaab93beefae3ddfb654f"
    integrity sha1-o7MKXE8ZkYMWeqq5O+764937ZU8=
  
  is-glob@^4.0.1, is-glob@~4.0.1:
    version "4.0.1"
    resolved "https://artifactory.banno-tools.com/artifactory/api/npm/npm/is-glob/-/is-glob-4.0.1.tgz#7567dbe9f2f5e2467bc77ab83c4a29482407a5dc"
    integrity sha1-dWfb6fL14kZ7x3q4PEopSCQHpdw=
    dependencies:
      is-extglob "^2.1.1"
  
  is-map@^2.0.1:
    version "2.0.1"
    resolved "https://artifactory.banno-tools.com/artifactory/api/npm/npm/is-map/-/is-map-2.0.1.tgz#520dafc4307bb8ebc33b813de5ce7c9400d644a1"
    integrity sha1-Ug2vxDB7uOvDO4E95c58lADWRKE=
  
  is-number@^7.0.0:
    version "7.0.0"
    resolved "https://artifactory.banno-tools.com/artifactory/api/npm/npm/is-number/-/is-number-7.0.0.tgz#7535345b896734d5f80c4d06c50955527a14f12b"
    integrity sha1-dTU0W4lnNNX4DE0GxQlVUnoU8Ss=
  
  is-regex@^1.1.0:
    version "1.1.0"
    resolved "https://artifactory.banno-tools.com/artifactory/api/npm/npm/is-regex/-/is-regex-1.1.0.tgz#ece38e389e490df0dc21caea2bd596f987f767ff"
    integrity sha1-7OOOOJ5JDfDcIcrqK9WW+Yf3Z/8=
    dependencies:
      has-symbols "^1.0.1"
  
  is-set@^2.0.1:
    version "2.0.1"
    resolved "https://artifactory.banno-tools.com/artifactory/api/npm/npm/is-set/-/is-set-2.0.1.tgz#d1604afdab1724986d30091575f54945da7e5f43"
    integrity sha1-0WBK/asXJJhtMAkVdfVJRdp+X0M=
  
  is-string@^1.0.4, is-string@^1.0.5:
    version "1.0.5"
    resolved "https://artifactory.banno-tools.com/artifactory/api/npm/npm/is-string/-/is-string-1.0.5.tgz#40493ed198ef3ff477b8c7f92f644ec82a5cd3a6"
    integrity sha1-QEk+0ZjvP/R3uMf5L2ROyCpc06Y=
  
  is-symbol@^1.0.2:
    version "1.0.3"
    resolved "https://artifactory.banno-tools.com/artifactory/api/npm/npm/is-symbol/-/is-symbol-1.0.3.tgz#38e1014b9e6329be0de9d24a414fd7441ec61937"
    integrity sha1-OOEBS55jKb4N6dJKQU/XRB7GGTc=
    dependencies:
      has-symbols "^1.0.1"
  
  isarray@0.0.1:
    version "0.0.1"
    resolved "https://artifactory.banno-tools.com/artifactory/api/npm/npm/isarray/-/isarray-0.0.1.tgz#8a18acfca9a8f4177e09abfc6038939b05d1eedf"
    integrity sha1-ihis/Kmo9Bd+Cav8YDiTmwXR7t8=
  
  isarray@^2.0.5:
    version "2.0.5"
    resolved "https://artifactory.banno-tools.com/artifactory/api/npm/npm/isarray/-/isarray-2.0.5.tgz#8af1e4c1221244cc62459faf38940d4e644a5723"
    integrity sha1-ivHkwSISRMxiRZ+vOJQNTmRKVyM=
  
  isexe@^2.0.0:
    version "2.0.0"
    resolved "https://artifactory.banno-tools.com/artifactory/api/npm/npm/isexe/-/isexe-2.0.0.tgz#e8fbf374dc556ff8947a10dcb0572d633f2cfa10"
    integrity sha1-6PvzdNxVb/iUehDcsFctYz8s+hA=
  
  iterate-iterator@^1.0.1:
    version "1.0.1"
    resolved "https://artifactory.banno-tools.com/artifactory/api/npm/npm/iterate-iterator/-/iterate-iterator-1.0.1.tgz#1693a768c1ddd79c969051459453f082fe82e9f6"
    integrity sha1-FpOnaMHd15yWkFFFlFPwgv6C6fY=
  
  iterate-value@^1.0.0:
    version "1.0.2"
    resolved "https://artifactory.banno-tools.com/artifactory/api/npm/npm/iterate-value/-/iterate-value-1.0.2.tgz#935115bd37d006a52046535ebc8d07e9c9337f57"
    integrity sha1-k1EVvTfQBqUgRlNevI0H6ckzf1c=
    dependencies:
      es-get-iterator "^1.0.2"
      iterate-iterator "^1.0.1"
  
  js-yaml@3.13.1:
    version "3.13.1"
    resolved "https://artifactory.banno-tools.com/artifactory/api/npm/npm/js-yaml/-/js-yaml-3.13.1.tgz#aff151b30bfdfa8e49e05da22e7415e9dfa37847"
    integrity sha1-r/FRswv9+o5J4F2iLnQV6d+jeEc=
    dependencies:
      argparse "^1.0.7"
      esprima "^4.0.0"
  
  just-extend@^4.0.2:
    version "4.1.0"
    resolved "https://artifactory.banno-tools.com/artifactory/api/npm/npm/just-extend/-/just-extend-4.1.0.tgz#7278a4027d889601640ee0ce0e5a00b992467da4"
    integrity sha1-cnikAn2IlgFkDuDODloAuZJGfaQ=
  
  locate-path@^3.0.0:
    version "3.0.0"
    resolved "https://artifactory.banno-tools.com/artifactory/api/npm/npm/locate-path/-/locate-path-3.0.0.tgz#dbec3b3ab759758071b58fe59fc41871af21400e"
    integrity sha1-2+w7OrdZdYBxtY/ln8QYca8hQA4=
    dependencies:
      p-locate "^3.0.0"
      path-exists "^3.0.0"
  
  locate-path@^5.0.0:
    version "5.0.0"
    resolved "https://artifactory.banno-tools.com/artifactory/api/npm/npm/locate-path/-/locate-path-5.0.0.tgz#1afba396afd676a6d42504d0a67a3a7eb9f62aa0"
    integrity sha1-Gvujlq/WdqbUJQTQpno6frn2KqA=
    dependencies:
      p-locate "^4.1.0"
  
  lodash.get@^4.4.2:
    version "4.4.2"
    resolved "https://artifactory.banno-tools.com/artifactory/api/npm/npm/lodash.get/-/lodash.get-4.4.2.tgz#2d177f652fa31e939b4438d5341499dfa3825e99"
    integrity sha1-LRd/ZS+jHpObRDjVNBSZ36OCXpk=
  
  lodash@^4.17.15:
    version "4.17.15"
    resolved "https://artifactory.banno-tools.com/artifactory/api/npm/npm/lodash/-/lodash-4.17.15.tgz#b447f6670a0455bbfeedd11392eff330ea097548"
    integrity sha1-tEf2ZwoEVbv+7dETku/zMOoJdUg=
  
  log-symbols@3.0.0:
    version "3.0.0"
    resolved "https://artifactory.banno-tools.com/artifactory/api/npm/npm/log-symbols/-/log-symbols-3.0.0.tgz#f3a08516a5dea893336a7dee14d18a1cfdab77c4"
    integrity sha1-86CFFqXeqJMzan3uFNGKHP2rd8Q=
    dependencies:
      chalk "^2.4.2"
  
  mime-db@1.44.0:
    version "1.44.0"
    resolved "https://artifactory.banno-tools.com/artifactory/api/npm/npm/mime-db/-/mime-db-1.44.0.tgz#fa11c5eb0aca1334b4233cb4d52f10c5a6272f92"
    integrity sha1-+hHF6wrKEzS0Izy01S8QxaYnL5I=
  
  mime-types@^2.1.12:
    version "2.1.27"
    resolved "https://artifactory.banno-tools.com/artifactory/api/npm/npm/mime-types/-/mime-types-2.1.27.tgz#47949f98e279ea53119f5722e0f34e529bec009f"
    integrity sha1-R5SfmOJ56lMRn1ci4PNOUpvsAJ8=
    dependencies:
      mime-db "1.44.0"
  
  minimatch@3.0.4, minimatch@^3.0.4:
    version "3.0.4"
    resolved "https://artifactory.banno-tools.com/artifactory/api/npm/npm/minimatch/-/minimatch-3.0.4.tgz#5166e286457f03306064be5497e8dbb0c3d32083"
    integrity sha1-UWbihkV/AzBgZL5Ul+jbsMPTIIM=
    dependencies:
      brace-expansion "^1.1.7"
  
  mocha@^8.0.1:
    version "8.0.1"
    resolved "https://artifactory.banno-tools.com/artifactory/api/npm/npm/mocha/-/mocha-8.0.1.tgz#fe01f0530362df271aa8f99510447bc38b88d8ed"
    integrity sha1-/gHwUwNi3ycaqPmVEER7w4uI2O0=
    dependencies:
      ansi-colors "4.1.1"
      browser-stdout "1.3.1"
      chokidar "3.3.1"
      debug "3.2.6"
      diff "4.0.2"
      escape-string-regexp "1.0.5"
      find-up "4.1.0"
      glob "7.1.6"
      growl "1.10.5"
      he "1.2.0"
      js-yaml "3.13.1"
      log-symbols "3.0.0"
      minimatch "3.0.4"
      ms "2.1.2"
      object.assign "4.1.0"
      promise.allsettled "1.0.2"
      serialize-javascript "3.0.0"
      strip-json-comments "3.0.1"
      supports-color "7.1.0"
      which "2.0.2"
      wide-align "1.1.3"
      workerpool "6.0.0"
      yargs "13.3.2"
      yargs-parser "13.1.2"
      yargs-unparser "1.6.0"
  
  ms@2.1.2, ms@^2.1.1:
    version "2.1.2"
    resolved "https://artifactory.banno-tools.com/artifactory/api/npm/npm/ms/-/ms-2.1.2.tgz#d09d1f357b443f493382a8eb3ccd183872ae6009"
    integrity sha1-0J0fNXtEP0kzgqjrPM0YOHKuYAk=
  
  nise@^4.0.1:
    version "4.0.3"
    resolved "https://artifactory.banno-tools.com/artifactory/api/npm/npm/nise/-/nise-4.0.3.tgz#9f79ff02fa002ed5ffbc538ad58518fa011dc913"
    integrity sha1-n3n/AvoALtX/vFOK1YUY+gEdyRM=
    dependencies:
      "@sinonjs/commons" "^1.7.0"
      "@sinonjs/fake-timers" "^6.0.0"
      "@sinonjs/text-encoding" "^0.7.1"
      just-extend "^4.0.2"
      path-to-regexp "^1.7.0"
  
  node-fetch@^2.6.0:
    version "2.6.0"
    resolved "https://artifactory.banno-tools.com/artifactory/api/npm/npm/node-fetch/-/node-fetch-2.6.0.tgz#e633456386d4aa55863f676a7ab0daa8fdecb0fd"
    integrity sha1-5jNFY4bUqlWGP2dqerDaqP3ssP0=
  
  normalize-path@^3.0.0, normalize-path@~3.0.0:
    version "3.0.0"
    resolved "https://artifactory.banno-tools.com/artifactory/api/npm/npm/normalize-path/-/normalize-path-3.0.0.tgz#0dcd69ff23a1c9b11fd0978316644a0388216a65"
    integrity sha1-Dc1p/yOhybEf0JeDFmRKA4ghamU=
  
  object-inspect@^1.7.0:
    version "1.8.0"
    resolved "https://artifactory.banno-tools.com/artifactory/api/npm/npm/object-inspect/-/object-inspect-1.8.0.tgz#df807e5ecf53a609cc6bfe93eac3cc7be5b3a9d0"
    integrity sha1-34B+Xs9TpgnMa/6T6sPMe+WzqdA=
  
  object-keys@^1.0.11, object-keys@^1.0.12, object-keys@^1.1.1:
    version "1.1.1"
    resolved "https://artifactory.banno-tools.com/artifactory/api/npm/npm/object-keys/-/object-keys-1.1.1.tgz#1c47f272df277f3b1daf061677d9c82e2322c60e"
    integrity sha1-HEfyct8nfzsdrwYWd9nILiMixg4=
  
  object.assign@4.1.0, object.assign@^4.1.0:
    version "4.1.0"
    resolved "https://artifactory.banno-tools.com/artifactory/api/npm/npm/object.assign/-/object.assign-4.1.0.tgz#968bf1100d7956bb3ca086f006f846b3bc4008da"
    integrity sha1-lovxEA15Vrs8oIbwBvhGs7xACNo=
    dependencies:
      define-properties "^1.1.2"
      function-bind "^1.1.1"
      has-symbols "^1.0.0"
      object-keys "^1.0.11"
  
  once@^1.3.0:
    version "1.4.0"
    resolved "https://artifactory.banno-tools.com/artifactory/api/npm/npm/once/-/once-1.4.0.tgz#583b1aa775961d4b113ac17d9c50baef9dd76bd1"
    integrity sha1-WDsap3WWHUsROsF9nFC6753Xa9E=
    dependencies:
      wrappy "1"
  
  p-limit@^2.0.0, p-limit@^2.2.0:
    version "2.3.0"
    resolved "https://artifactory.banno-tools.com/artifactory/api/npm/npm/p-limit/-/p-limit-2.3.0.tgz#3dd33c647a214fdfffd835933eb086da0dc21db1"
    integrity sha1-PdM8ZHohT9//2DWTPrCG2g3CHbE=
    dependencies:
      p-try "^2.0.0"
  
  p-locate@^3.0.0:
    version "3.0.0"
    resolved "https://artifactory.banno-tools.com/artifactory/api/npm/npm/p-locate/-/p-locate-3.0.0.tgz#322d69a05c0264b25997d9f40cd8a891ab0064a4"
    integrity sha1-Mi1poFwCZLJZl9n0DNiokasAZKQ=
    dependencies:
      p-limit "^2.0.0"
  
  p-locate@^4.1.0:
    version "4.1.0"
    resolved "https://artifactory.banno-tools.com/artifactory/api/npm/npm/p-locate/-/p-locate-4.1.0.tgz#a3428bb7088b3a60292f66919278b7c297ad4f07"
    integrity sha1-o0KLtwiLOmApL2aRkni3wpetTwc=
    dependencies:
      p-limit "^2.2.0"
  
  p-try@^2.0.0:
    version "2.2.0"
    resolved "https://artifactory.banno-tools.com/artifactory/api/npm/npm/p-try/-/p-try-2.2.0.tgz#cb2868540e313d61de58fafbe35ce9004d5540e6"
    integrity sha1-yyhoVA4xPWHeWPr741zpAE1VQOY=
  
  path-exists@^3.0.0:
    version "3.0.0"
    resolved "https://artifactory.banno-tools.com/artifactory/api/npm/npm/path-exists/-/path-exists-3.0.0.tgz#ce0ebeaa5f78cb18925ea7d810d7b59b010fd515"
    integrity sha1-zg6+ql94yxiSXqfYENe1mwEP1RU=
  
  path-exists@^4.0.0:
    version "4.0.0"
    resolved "https://artifactory.banno-tools.com/artifactory/api/npm/npm/path-exists/-/path-exists-4.0.0.tgz#513bdbe2d3b95d7762e8c1137efa195c6c61b5b3"
    integrity sha1-UTvb4tO5XXdi6METfvoZXGxhtbM=
  
  path-is-absolute@^1.0.0:
    version "1.0.1"
    resolved "https://artifactory.banno-tools.com/artifactory/api/npm/npm/path-is-absolute/-/path-is-absolute-1.0.1.tgz#174b9268735534ffbc7ace6bf53a5a9e1b5c5f5f"
    integrity sha1-F0uSaHNVNP+8es5r9TpanhtcX18=
  
  path-to-regexp@^1.7.0:
    version "1.8.0"
    resolved "https://artifactory.banno-tools.com/artifactory/api/npm/npm/path-to-regexp/-/path-to-regexp-1.8.0.tgz#887b3ba9d84393e87a0a0b9f4cb756198b53548a"
    integrity sha1-iHs7qdhDk+h6CgufTLdWGYtTVIo=
    dependencies:
      isarray "0.0.1"
  
  pathval@^1.1.0:
    version "1.1.0"
    resolved "https://artifactory.banno-tools.com/artifactory/api/npm/npm/pathval/-/pathval-1.1.0.tgz#b942e6d4bde653005ef6b71361def8727d0645e0"
    integrity sha1-uULm1L3mUwBe9rcTYd74cn0GReA=
  
  picomatch@^2.0.4, picomatch@^2.0.7:
    version "2.2.2"
    resolved "https://artifactory.banno-tools.com/artifactory/api/npm/npm/picomatch/-/picomatch-2.2.2.tgz#21f333e9b6b8eaff02468f5146ea406d345f4dad"
    integrity sha1-IfMz6ba46v8CRo9RRupAbTRfTa0=
  
  prism-media@^1.2.0:
    version "1.2.2"
    resolved "https://artifactory.banno-tools.com/artifactory/api/npm/npm/prism-media/-/prism-media-1.2.2.tgz#4f1c841f248b67d325a24b4e6b1a491b8f50a24f"
    integrity sha1-TxyEHySLZ9MloktOaxpJG49Qok8=
  
  promise.allsettled@1.0.2:
    version "1.0.2"
    resolved "https://artifactory.banno-tools.com/artifactory/api/npm/npm/promise.allsettled/-/promise.allsettled-1.0.2.tgz#d66f78fbb600e83e863d893e98b3d4376a9c47c9"
    integrity sha1-1m94+7YA6D6GPYk+mLPUN2qcR8k=
    dependencies:
      array.prototype.map "^1.0.1"
      define-properties "^1.1.3"
      es-abstract "^1.17.0-next.1"
      function-bind "^1.1.1"
      iterate-value "^1.0.0"
  
  readdirp@~3.3.0:
    version "3.3.0"
    resolved "https://artifactory.banno-tools.com/artifactory/api/npm/npm/readdirp/-/readdirp-3.3.0.tgz#984458d13a1e42e2e9f5841b129e162f369aff17"
    integrity sha1-mERY0ToeQuLp9YQbEp4WLzaa/xc=
    dependencies:
      picomatch "^2.0.7"
  
  require-directory@^2.1.1:
    version "2.1.1"
    resolved "https://artifactory.banno-tools.com/artifactory/api/npm/npm/require-directory/-/require-directory-2.1.1.tgz#8c64ad5fd30dab1c976e2344ffe7f792a6a6df42"
    integrity sha1-jGStX9MNqxyXbiNE/+f3kqam30I=
  
  require-main-filename@^2.0.0:
    version "2.0.0"
    resolved "https://artifactory.banno-tools.com/artifactory/api/npm/npm/require-main-filename/-/require-main-filename-2.0.0.tgz#d0b329ecc7cc0f61649f62215be69af54aa8989b"
    integrity sha1-0LMp7MfMD2Fkn2IhW+aa9UqomJs=
  
  serialize-javascript@3.0.0:
    version "3.0.0"
    resolved "https://artifactory.banno-tools.com/artifactory/api/npm/npm/serialize-javascript/-/serialize-javascript-3.0.0.tgz#492e489a2d77b7b804ad391a5f5d97870952548e"
    integrity sha1-SS5Imi13t7gErTkaX12XhwlSVI4=
  
  set-blocking@^2.0.0:
    version "2.0.0"
    resolved "https://artifactory.banno-tools.com/artifactory/api/npm/npm/set-blocking/-/set-blocking-2.0.0.tgz#045f9782d011ae9a6803ddd382b24392b3d890f7"
    integrity sha1-BF+XgtARrppoA93TgrJDkrPYkPc=
  
  setimmediate@^1.0.5:
    version "1.0.5"
    resolved "https://artifactory.banno-tools.com/artifactory/api/npm/npm/setimmediate/-/setimmediate-1.0.5.tgz#290cbb232e306942d7d7ea9b83732ab7856f8285"
    integrity sha1-KQy7Iy4waULX1+qbg3Mqt4VvgoU=
  
  sinon@^9.0.2:
    version "9.0.2"
    resolved "https://artifactory.banno-tools.com/artifactory/api/npm/npm/sinon/-/sinon-9.0.2.tgz#b9017e24633f4b1c98dfb6e784a5f0509f5fd85d"
    integrity sha1-uQF+JGM/SxyY37bnhKXwUJ9f2F0=
    dependencies:
      "@sinonjs/commons" "^1.7.2"
      "@sinonjs/fake-timers" "^6.0.1"
      "@sinonjs/formatio" "^5.0.1"
      "@sinonjs/samsam" "^5.0.3"
      diff "^4.0.2"
      nise "^4.0.1"
      supports-color "^7.1.0"
  
  sprintf-js@~1.0.2:
    version "1.0.3"
    resolved "https://artifactory.banno-tools.com/artifactory/api/npm/npm/sprintf-js/-/sprintf-js-1.0.3.tgz#04e6926f662895354f3dd015203633b857297e2c"
    integrity sha1-BOaSb2YolTVPPdAVIDYzuFcpfiw=
  
  "string-width@^1.0.2 || 2":
    version "2.1.1"
    resolved "https://artifactory.banno-tools.com/artifactory/api/npm/npm/string-width/-/string-width-2.1.1.tgz#ab93f27a8dc13d28cac815c462143a6d9012ae9e"
    integrity sha1-q5Pyeo3BPSjKyBXEYhQ6bZASrp4=
    dependencies:
      is-fullwidth-code-point "^2.0.0"
      strip-ansi "^4.0.0"
  
  string-width@^3.0.0, string-width@^3.1.0:
    version "3.1.0"
    resolved "https://artifactory.banno-tools.com/artifactory/api/npm/npm/string-width/-/string-width-3.1.0.tgz#22767be21b62af1081574306f69ac51b62203961"
    integrity sha1-InZ74htirxCBV0MG9prFG2IgOWE=
    dependencies:
      emoji-regex "^7.0.1"
      is-fullwidth-code-point "^2.0.0"
      strip-ansi "^5.1.0"
  
  string.prototype.trimend@^1.0.1:
    version "1.0.1"
    resolved "https://artifactory.banno-tools.com/artifactory/api/npm/npm/string.prototype.trimend/-/string.prototype.trimend-1.0.1.tgz#85812a6b847ac002270f5808146064c995fb6913"
    integrity sha1-hYEqa4R6wAInD1gIFGBkyZX7aRM=
    dependencies:
      define-properties "^1.1.3"
      es-abstract "^1.17.5"
  
  string.prototype.trimstart@^1.0.1:
    version "1.0.1"
    resolved "https://artifactory.banno-tools.com/artifactory/api/npm/npm/string.prototype.trimstart/-/string.prototype.trimstart-1.0.1.tgz#14af6d9f34b053f7cfc89b72f8f2ee14b9039a54"
    integrity sha1-FK9tnzSwU/fPyJty+PLuFLkDmlQ=
    dependencies:
      define-properties "^1.1.3"
      es-abstract "^1.17.5"
  
  strip-ansi@^4.0.0:
    version "4.0.0"
    resolved "https://artifactory.banno-tools.com/artifactory/api/npm/npm/strip-ansi/-/strip-ansi-4.0.0.tgz#a8479022eb1ac368a871389b635262c505ee368f"
    integrity sha1-qEeQIusaw2iocTibY1JixQXuNo8=
    dependencies:
      ansi-regex "^3.0.0"
  
  strip-ansi@^5.0.0, strip-ansi@^5.1.0, strip-ansi@^5.2.0:
    version "5.2.0"
    resolved "https://artifactory.banno-tools.com/artifactory/api/npm/npm/strip-ansi/-/strip-ansi-5.2.0.tgz#8c9a536feb6afc962bdfa5b104a5091c1ad9c0ae"
    integrity sha1-jJpTb+tq/JYr36WxBKUJHBrZwK4=
    dependencies:
      ansi-regex "^4.1.0"
  
  strip-json-comments@3.0.1:
    version "3.0.1"
    resolved "https://artifactory.banno-tools.com/artifactory/api/npm/npm/strip-json-comments/-/strip-json-comments-3.0.1.tgz#85713975a91fb87bf1b305cca77395e40d2a64a7"
    integrity sha1-hXE5dakfuHvxswXMp3OV5A0qZKc=
  
  supports-color@7.1.0, supports-color@^7.1.0:
    version "7.1.0"
    resolved "https://artifactory.banno-tools.com/artifactory/api/npm/npm/supports-color/-/supports-color-7.1.0.tgz#68e32591df73e25ad1c4b49108a2ec507962bfd1"
    integrity sha1-aOMlkd9z4lrRxLSRCKLsUHliv9E=
    dependencies:
      has-flag "^4.0.0"
  
  supports-color@^5.3.0:
    version "5.5.0"
    resolved "https://artifactory.banno-tools.com/artifactory/api/npm/npm/supports-color/-/supports-color-5.5.0.tgz#e2e69a44ac8772f78a1ec0b35b689df6530efc8f"
    integrity sha1-4uaaRKyHcveKHsCzW2id9lMO/I8=
    dependencies:
      has-flag "^3.0.0"
  
  to-regex-range@^5.0.1:
    version "5.0.1"
    resolved "https://artifactory.banno-tools.com/artifactory/api/npm/npm/to-regex-range/-/to-regex-range-5.0.1.tgz#1648c44aae7c8d988a326018ed72f5b4dd0392e4"
    integrity sha1-FkjESq58jZiKMmAY7XL1tN0DkuQ=
    dependencies:
      is-number "^7.0.0"
  
  tweetnacl@^1.0.3:
    version "1.0.3"
    resolved "https://artifactory.banno-tools.com/artifactory/api/npm/npm/tweetnacl/-/tweetnacl-1.0.3.tgz#ac0af71680458d8a6378d0d0d050ab1407d35596"
    integrity sha1-rAr3FoBFjYpjeNDQ0FCrFAfTVZY=
  
  type-detect@4.0.8, type-detect@^4.0.0, type-detect@^4.0.5, type-detect@^4.0.8:
    version "4.0.8"
    resolved "https://artifactory.banno-tools.com/artifactory/api/npm/npm/type-detect/-/type-detect-4.0.8.tgz#7646fb5f18871cfbb7749e69bd39a6388eb7450c"
    integrity sha1-dkb7XxiHHPu3dJ5pvTmmOI63RQw=
  
  which-module@^2.0.0:
    version "2.0.0"
    resolved "https://artifactory.banno-tools.com/artifactory/api/npm/npm/which-module/-/which-module-2.0.0.tgz#d9ef07dce77b9902b8a3a8fa4b31c3e3f7e6e87a"
    integrity sha1-2e8H3Od7mQK4o6j6SzHD4/fm6Ho=
  
  which@2.0.2:
    version "2.0.2"
    resolved "https://artifactory.banno-tools.com/artifactory/api/npm/npm/which/-/which-2.0.2.tgz#7c6a8dd0a636a0327e10b59c9286eee93f3f51b1"
    integrity sha1-fGqN0KY2oDJ+ELWckobu6T8/UbE=
    dependencies:
      isexe "^2.0.0"
  
  wide-align@1.1.3:
    version "1.1.3"
    resolved "https://artifactory.banno-tools.com/artifactory/api/npm/npm/wide-align/-/wide-align-1.1.3.tgz#ae074e6bdc0c14a431e804e624549c633b000457"
    integrity sha1-rgdOa9wMFKQx6ATmJFScYzsABFc=
    dependencies:
      string-width "^1.0.2 || 2"
  
  workerpool@6.0.0:
    version "6.0.0"
    resolved "https://artifactory.banno-tools.com/artifactory/api/npm/npm/workerpool/-/workerpool-6.0.0.tgz#85aad67fa1a2c8ef9386a1b43539900f61d03d58"
    integrity sha1-harWf6GiyO+ThqG0NTmQD2HQPVg=
  
  wrap-ansi@^5.1.0:
    version "5.1.0"
    resolved "https://artifactory.banno-tools.com/artifactory/api/npm/npm/wrap-ansi/-/wrap-ansi-5.1.0.tgz#1fd1f67235d5b6d0fee781056001bfb694c03b09"
    integrity sha1-H9H2cjXVttD+54EFYAG/tpTAOwk=
    dependencies:
      ansi-styles "^3.2.0"
      string-width "^3.0.0"
      strip-ansi "^5.0.0"
  
  wrappy@1:
    version "1.0.2"
    resolved "https://artifactory.banno-tools.com/artifactory/api/npm/npm/wrappy/-/wrappy-1.0.2.tgz#b5243d8f3ec1aa35f1364605bc0d1036e30ab69f"
    integrity sha1-tSQ9jz7BqjXxNkYFvA0QNuMKtp8=
  
  ws@^7.2.1:
    version "7.3.0"
    resolved "https://artifactory.banno-tools.com/artifactory/api/npm/npm/ws/-/ws-7.3.0.tgz#4b2f7f219b3d3737bc1a2fbf145d825b94d38ffd"
    integrity sha1-Sy9/IZs9Nze8Gi+/FF2CW5TTj/0=
  
  y18n@^4.0.0:
    version "4.0.0"
    resolved "https://artifactory.banno-tools.com/artifactory/api/npm/npm/y18n/-/y18n-4.0.0.tgz#95ef94f85ecc81d007c264e190a120f0a3c8566b"
    integrity sha1-le+U+F7MgdAHwmThkKEg8KPIVms=
  
  yargs-parser@13.1.2, yargs-parser@^13.1.2:
    version "13.1.2"
    resolved "https://artifactory.banno-tools.com/artifactory/api/npm/npm/yargs-parser/-/yargs-parser-13.1.2.tgz#130f09702ebaeef2650d54ce6e3e5706f7a4fb38"
    integrity sha1-Ew8JcC667vJlDVTObj5XBvek+zg=
    dependencies:
      camelcase "^5.0.0"
      decamelize "^1.2.0"
  
  yargs-unparser@1.6.0:
    version "1.6.0"
    resolved "https://artifactory.banno-tools.com/artifactory/api/npm/npm/yargs-unparser/-/yargs-unparser-1.6.0.tgz#ef25c2c769ff6bd09e4b0f9d7c605fb27846ea9f"
    integrity sha1-7yXCx2n/a9CeSw+dfGBfsnhG6p8=
    dependencies:
      flat "^4.1.0"
      lodash "^4.17.15"
      yargs "^13.3.0"
  
  yargs@13.3.2, yargs@^13.3.0:
    version "13.3.2"
    resolved "https://artifactory.banno-tools.com/artifactory/api/npm/npm/yargs/-/yargs-13.3.2.tgz#ad7ffefec1aa59565ac915f82dccb38a9c31a2dd"
    integrity sha1-rX/+/sGqWVZayRX4Lcyzipwxot0=
    dependencies:
      cliui "^5.0.0"
      find-up "^3.0.0"
      get-caller-file "^2.0.1"
      require-directory "^2.1.1"
      require-main-filename "^2.0.0"
      set-blocking "^2.0.0"
      string-width "^3.0.0"
      which-module "^2.0.0"
      y18n "^4.0.0"
      yargs-parser "^13.1.2"
